  Chess.cpp
C:\Users\30910\source\repos\五子棋\五子棋\Chess.cpp(69,55): warning C4244: “参数”: 从“float”转换到“int”，可能丢失数据
C:\Users\30910\source\repos\五子棋\五子棋\Chess.cpp(69,45): warning C4244: “参数”: 从“float”转换到“int”，可能丢失数据
C:\Users\30910\source\repos\五子棋\五子棋\Chess.cpp(70,57): warning C4244: “参数”: 从“float”转换到“int”，可能丢失数据
C:\Users\30910\source\repos\五子棋\五子棋\Chess.cpp(70,46): warning C4244: “参数”: 从“float”转换到“int”，可能丢失数据
C:\Users\30910\source\repos\五子棋\五子棋\Chess.cpp(88,10): warning C4244: “初始化”: 从“float”转换到“int”，可能丢失数据
C:\Users\30910\source\repos\五子棋\五子棋\Chess.cpp(89,10): warning C4244: “初始化”: 从“float”转换到“int”，可能丢失数据
C:\Users\30910\source\repos\五子棋\五子棋\Chess.cpp(90,18): warning C4244: “初始化”: 从“float”转换到“int”，可能丢失数据
C:\Users\30910\source\repos\五子棋\五子棋\Chess.cpp(91,18): warning C4244: “初始化”: 从“float”转换到“int”，可能丢失数据
C:\Users\30910\source\repos\五子棋\五子棋\Chess.cpp(92,13): warning C4244: “初始化”: 从“double”转换到“int”，可能丢失数据
C:\Users\30910\source\repos\五子棋\五子棋\Chess.cpp(98,13): warning C4244: “=”: 从“double”转换到“int”，可能丢失数据
C:\Users\30910\source\repos\五子棋\五子棋\Chess.cpp(110,10): warning C4244: “初始化”: 从“float”转换到“int”，可能丢失数据
C:\Users\30910\source\repos\五子棋\五子棋\Chess.cpp(112,13): warning C4244: “=”: 从“double”转换到“int”，可能丢失数据
C:\Users\30910\source\repos\五子棋\五子棋\Chess.cpp(125,21): warning C4244: “=”: 从“float”转换到“int”，可能丢失数据
C:\Users\30910\source\repos\五子棋\五子棋\Chess.cpp(126,13): warning C4244: “=”: 从“double”转换到“int”，可能丢失数据
C:\Users\30910\source\repos\五子棋\五子棋\Chess.cpp(138,21): warning C4244: “=”: 从“float”转换到“int”，可能丢失数据
C:\Users\30910\source\repos\五子棋\五子棋\Chess.cpp(139,21): warning C4244: “=”: 从“float”转换到“int”，可能丢失数据
C:\Users\30910\source\repos\五子棋\五子棋\Chess.cpp(140,13): warning C4244: “=”: 从“double”转换到“int”，可能丢失数据
C:\Users\30910\source\repos\五子棋\五子棋\Chess.cpp(158,8): warning C4244: “初始化”: 从“double”转换到“int”，可能丢失数据
C:\Users\30910\source\repos\五子棋\五子棋\Chess.cpp(159,8): warning C4244: “初始化”: 从“double”转换到“int”，可能丢失数据
  五子棋.vcxproj -> C:\Users\30910\source\repos\五子棋\x64\Debug\五子棋.exe
